mode: set
github.ibm.com/gophercises/secret/cmd/get.go:15.47,19.17 3 1
github.ibm.com/gophercises/secret/cmd/get.go:23.3,23.38 1 1
github.ibm.com/gophercises/secret/cmd/get.go:19.17,22.4 2 1
github.ibm.com/gophercises/secret/cmd/get.go:28.13,30.2 1 1
github.ibm.com/gophercises/secret/cmd/root.go:18.13,22.2 1 1
github.ibm.com/gophercises/secret/cmd/root.go:25.27,29.2 2 1
github.ibm.com/gophercises/secret/cmd/set.go:16.47,20.17 3 1
github.ibm.com/gophercises/secret/cmd/set.go:24.3,24.41 1 1
github.ibm.com/gophercises/secret/cmd/set.go:20.17,22.4 1 1
github.ibm.com/gophercises/secret/cmd/set.go:28.13,30.2 1 1
