mode: set
github.ibm.com/gophercises/Exercise18/primitive/primitive.go:24.116,25.15 1 1
github.ibm.com/gophercises/Exercise18/primitive/primitive.go:28.2,31.18 4 1
github.ibm.com/gophercises/Exercise18/primitive/primitive.go:25.15,27.3 1 1
github.ibm.com/gophercises/Exercise18/primitive/primitive.go:35.85,38.16 3 1
github.ibm.com/gophercises/Exercise18/primitive/primitive.go:44.2,44.17 1 1
github.ibm.com/gophercises/Exercise18/primitive/primitive.go:38.16,43.3 4 0
github.ibm.com/gophercises/Exercise18/primitive/primitive.go:48.92,54.25 6 1
github.ibm.com/gophercises/Exercise18/primitive/primitive.go:60.2,60.19 1 1
github.ibm.com/gophercises/Exercise18/primitive/primitive.go:62.2,63.6 2 1
github.ibm.com/gophercises/Exercise18/primitive/primitive.go:74.2,74.22 1 1
github.ibm.com/gophercises/Exercise18/primitive/primitive.go:54.25,55.30 1 1
github.ibm.com/gophercises/Exercise18/primitive/primitive.go:55.30,58.4 2 1
github.ibm.com/gophercises/Exercise18/primitive/primitive.go:60.20,61.3 0 1
github.ibm.com/gophercises/Exercise18/primitive/primitive.go:63.6,64.10 1 1
github.ibm.com/gophercises/Exercise18/primitive/primitive.go:70.3,70.16 1 1
github.ibm.com/gophercises/Exercise18/primitive/primitive.go:65.26,66.51 1 1
github.ibm.com/gophercises/Exercise18/primitive/primitive.go:67.11,68.12 1 1
github.ibm.com/gophercises/Exercise18/primitive/primitive.go:70.16,71.9 1 1
