mode: set
github.ibm.com/gophercises/task/cmd/add.go:20.47,24.17 3 1
github.ibm.com/gophercises/task/cmd/add.go:28.3,28.56 1 1
github.ibm.com/gophercises/task/cmd/add.go:24.17,27.4 2 1
github.ibm.com/gophercises/task/cmd/add.go:38.13,40.2 1 1
github.ibm.com/gophercises/task/cmd/do.go:16.47,18.28 2 1
github.ibm.com/gophercises/task/cmd/do.go:26.3,27.17 2 1
github.ibm.com/gophercises/task/cmd/do.go:31.3,31.26 1 1
github.ibm.com/gophercises/task/cmd/do.go:18.28,20.18 2 1
github.ibm.com/gophercises/task/cmd/do.go:20.18,22.5 1 1
github.ibm.com/gophercises/task/cmd/do.go:22.10,24.5 1 1
github.ibm.com/gophercises/task/cmd/do.go:27.17,30.4 2 1
github.ibm.com/gophercises/task/cmd/do.go:31.26,32.34 1 1
github.ibm.com/gophercises/task/cmd/do.go:36.4,38.18 3 1
github.ibm.com/gophercises/task/cmd/do.go:32.34,34.13 2 1
github.ibm.com/gophercises/task/cmd/do.go:38.18,40.5 1 1
github.ibm.com/gophercises/task/cmd/do.go:40.10,42.5 1 1
github.ibm.com/gophercises/task/cmd/do.go:50.13,52.2 1 1
github.ibm.com/gophercises/task/cmd/list.go:15.47,17.17 2 1
github.ibm.com/gophercises/task/cmd/list.go:22.3,22.22 1 1
github.ibm.com/gophercises/task/cmd/list.go:26.3,27.30 2 1
github.ibm.com/gophercises/task/cmd/list.go:17.17,21.4 2 1
github.ibm.com/gophercises/task/cmd/list.go:22.22,25.4 2 1
github.ibm.com/gophercises/task/cmd/list.go:27.30,29.4 1 1
github.ibm.com/gophercises/task/cmd/list.go:36.13,38.2 1 1
