mode: set
github.ibm.com/gophercises/secret/vault/vault.go:12.48,17.2 1 1
github.ibm.com/gophercises/secret/vault/vault.go:28.30,30.16 2 1
github.ibm.com/gophercises/secret/vault/vault.go:34.2,37.29 3 1
github.ibm.com/gophercises/secret/vault/vault.go:30.16,33.3 2 1
github.ibm.com/gophercises/secret/vault/vault.go:40.50,43.2 2 1
github.ibm.com/gophercises/secret/vault/vault.go:46.30,48.16 2 1
github.ibm.com/gophercises/secret/vault/vault.go:51.2,54.28 3 1
github.ibm.com/gophercises/secret/vault/vault.go:48.16,50.3 1 1
github.ibm.com/gophercises/secret/vault/vault.go:57.51,60.2 2 1
github.ibm.com/gophercises/secret/vault/vault.go:63.49,67.16 4 1
github.ibm.com/gophercises/secret/vault/vault.go:70.2,71.9 2 1
github.ibm.com/gophercises/secret/vault/vault.go:74.2,74.19 1 1
github.ibm.com/gophercises/secret/vault/vault.go:67.16,69.3 1 1
github.ibm.com/gophercises/secret/vault/vault.go:71.9,73.3 1 1
github.ibm.com/gophercises/secret/vault/vault.go:78.46,82.16 4 1
github.ibm.com/gophercises/secret/vault/vault.go:85.2,87.12 3 1
github.ibm.com/gophercises/secret/vault/vault.go:82.16,84.3 1 1
