mode: set
github.ibm.com/gophercises/exercise15/main.go:18.13,20.2 1 1
github.ibm.com/gophercises/exercise15/main.go:25.64,28.2 1 1
github.ibm.com/gophercises/exercise15/main.go:29.20,36.2 5 1
github.ibm.com/gophercises/exercise15/main.go:38.64,42.16 4 1
github.ibm.com/gophercises/exercise15/main.go:45.2,46.16 2 1
github.ibm.com/gophercises/exercise15/main.go:50.2,53.16 3 1
github.ibm.com/gophercises/exercise15/main.go:57.2,58.14 2 1
github.ibm.com/gophercises/exercise15/main.go:61.2,66.53 6 1
github.ibm.com/gophercises/exercise15/main.go:42.16,44.3 1 1
github.ibm.com/gophercises/exercise15/main.go:46.16,49.3 2 1
github.ibm.com/gophercises/exercise15/main.go:53.16,56.3 2 1
github.ibm.com/gophercises/exercise15/main.go:58.14,60.3 1 1
github.ibm.com/gophercises/exercise15/main.go:69.47,70.54 1 1
github.ibm.com/gophercises/exercise15/main.go:70.54,71.16 1 1
github.ibm.com/gophercises/exercise15/main.go:80.3,80.22 1 1
github.ibm.com/gophercises/exercise15/main.go:71.16,72.36 1 1
github.ibm.com/gophercises/exercise15/main.go:72.36,78.5 5 1
github.ibm.com/gophercises/exercise15/main.go:85.61,86.17 1 1
github.ibm.com/gophercises/exercise15/main.go:89.52,91.2 1 1
github.ibm.com/gophercises/exercise15/main.go:94.37,96.30 2 1
github.ibm.com/gophercises/exercise15/main.go:119.2,119.34 1 1
github.ibm.com/gophercises/exercise15/main.go:96.30,97.40 1 1
github.ibm.com/gophercises/exercise15/main.go:100.3,101.27 2 1
github.ibm.com/gophercises/exercise15/main.go:107.3,108.46 2 1
github.ibm.com/gophercises/exercise15/main.go:114.3,117.142 4 1
github.ibm.com/gophercises/exercise15/main.go:97.40,98.12 1 1
github.ibm.com/gophercises/exercise15/main.go:101.27,102.17 1 1
github.ibm.com/gophercises/exercise15/main.go:102.17,104.10 2 1
github.ibm.com/gophercises/exercise15/main.go:108.46,109.38 1 1
github.ibm.com/gophercises/exercise15/main.go:112.4,112.30 1 1
github.ibm.com/gophercises/exercise15/main.go:109.38,110.10 1 1
